<?xml version="1.0" encoding="UTF-8"?>
<testsuite name="HospitalTest" tests="5" skipped="0" failures="0" errors="0" timestamp="2022-02-11T02:37:27" hostname="TVs-MacBook-Pro.local" time="0.01">
  <properties/>
  <testcase name="TestLastThreeDaysVisit" classname="HospitalTest" time="0.003"/>
  <testcase name="TestPatientInsidePune" classname="HospitalTest" time="0.001"/>
  <testcase name="TestTotalVisitDuringRange" classname="HospitalTest" time="0.001"/>
  <testcase name="TestTotalVisitedCount" classname="HospitalTest" time="0.0"/>
  <testcase name="testPatientOutsidePune" classname="HospitalTest" time="0.001"/>
  <system-out><![CDATA[]]></system-out>
  <system-err><![CDATA[]]></system-err>
</testsuite>
